<?xml version="1.0" encoding="UTF-8"?>
<testng-results ignored="0" total="1" passed="1" failed="0" skipped="0">
  <reporter-output>
  </reporter-output>
  <suite started-at="2025-04-01T07:21:37 PDT" name="Default suite" finished-at="2025-04-01T07:21:40 PDT" duration-ms="3405">
    <groups>
    </groups>
    <test started-at="2025-04-01T07:21:37 PDT" name="Default test" finished-at="2025-04-01T07:21:40 PDT" duration-ms="3405">
      <class name="com.JunitProgram.RestAssuredPrograms.WiremockTest">
        <test-method is-config="true" signature="setUp()[pri:0, instance:com.JunitProgram.RestAssuredPrograms.WiremockTest@4fb61f4a]" started-at="2025-04-01T07:21:37 PDT" name="setUp" finished-at="2025-04-01T07:21:38 PDT" duration-ms="1423" status="PASS">
          <reporter-output>
          </reporter-output>
        </test-method> <!-- setUp -->
        <test-method signature="testMockingWithWireMock()[pri:0, instance:com.JunitProgram.RestAssuredPrograms.WiremockTest@4fb61f4a]" started-at="2025-04-01T07:21:38 PDT" name="testMockingWithWireMock" finished-at="2025-04-01T07:21:40 PDT" duration-ms="1930" status="PASS">
          <reporter-output>
          </reporter-output>
        </test-method> <!-- testMockingWithWireMock -->
        <test-method is-config="true" signature="tearDown()[pri:0, instance:com.JunitProgram.RestAssuredPrograms.WiremockTest@4fb61f4a]" started-at="2025-04-01T07:21:40 PDT" name="tearDown" finished-at="2025-04-01T07:21:40 PDT" duration-ms="14" status="PASS">
          <reporter-output>
          </reporter-output>
        </test-method> <!-- tearDown -->
      </class> <!-- com.JunitProgram.RestAssuredPrograms.WiremockTest -->
    </test> <!-- Default test -->
  </suite> <!-- Default suite -->
</testng-results>
